[2026-04-27T05:43:02] No drift, featured unchanged — no push.
[2026-04-27T13:27:53] PUSH ok: featured='10 Signs of a Trustworthy Mechanic in Singapore' (/10-signs-trustworthy-mechanic-singapore/), hero_fixes=0, bucket=0
[2026-04-27T17:48:04] No drift, featured unchanged — no push.
[2026-04-28T18:01:51] PUSH ok: featured='10 Signs of a Trustworthy Mechanic in Singapore' (/10-signs-trustworthy-mechanic-singapore/), hero_fixes=0, bucket=0
[2026-04-30T17:50:25] No drift, featured unchanged — no push.
[2026-05-01T17:32:47] No drift, featured unchanged — no push.
[2026-05-02T17:13:26] No drift, featured unchanged — no push.
[2026-05-03T17:14:11] No drift, featured unchanged — no push.
[2026-05-04T17:59:54] No drift, featured unchanged — no push.
[2026-05-05T17:58:49] No drift, featured unchanged — no push.
[2026-05-06T17:59:07] No drift, featured unchanged — no push.
[2026-05-07T18:05:41] No drift, featured unchanged — no push.
[2026-05-08T17:51:44] PUSH ok: featured='Brake Pads and Rotors: How to Tell When It Is Time to Change in Singapore' (/brake-pads-rotors-singapore-when-to-change/), hero_fixes=0, bucket=2
[2026-05-08T17:52:13] featured_media fix: coe-renewal-vs-scrap-singapore-guide page=1223 5592 -> 1216
[2026-05-09T17:27:32] No drift, featured unchanged — no push.
[2026-05-10T17:28:37] No drift, featured unchanged — no push.
[2026-05-11T18:17:01] PUSH ok: featured='Why Your Car Aircon Isn’t Cold in Singapore (And What Actually Needs Fixing)' (/car-aircon-not-cold-singapore-fix/), hero_fixes=3, bucket=3
[2026-05-11T18:17:01]   hero-fix coe-explained: https://i0.wp.com/therightworkshop.com/wp-content/uploads/2026/05/singapore-expressway-cat-a-cat-b-coe-cars.webp?w=800&ssl=1 -> https://therightworkshop.com/wp-content/uploads/2026/05/COE_Explained_Hero_-_Singapore_Marina_Expressway.jpg
[2026-05-11T18:17:01]   hero-fix cat-a-vs-cat-b-singapore: https://i0.wp.com/therightworkshop.com/wp-content/uploads/2026/05/singapore-expressway-cat-a-cat-b-coe-cars.webp?w=800&ssl=1 -> https://therightworkshop.com/wp-content/uploads/2026/05/singapore-expressway-cat-a-cat-b-coe-cars.jpg
[2026-05-11T18:17:01]   hero-fix what-is-the-right-workshop-singapore: https://i0.wp.com/therightworkshop.com/wp-content/uploads/2026/04/trw-og-image-1200x630-1.webp?w=800&ssl=1 -> https://therightworkshop.com/wp-content/uploads/2026/04/nb_servicing_oilpour_v2.jpg
[2026-05-11T18:17:57] featured_media fix: coe-explained page=4563 5592 -> 5590
[2026-05-11T18:17:59] featured_media fix: what-is-the-right-workshop-singapore page=3774 0 -> 958
[2026-05-12T02:09:12] PUSH ok: featured='Why Your Car Aircon Isn’t Cold in Singapore (And What Actually Needs Fixing)' (/car-aircon-not-cold-singapore-fix/), hero_fixes=0, bucket=3
[2026-05-12T04:13:12] PUSH ok: featured='Why Your Car Aircon Isn’t Cold in Singapore (And What Actually Needs Fixing)' (/car-aircon-not-cold-singapore-fix/), hero_fixes=0, bucket=3
[2026-05-12T05:18:19] PUSH ok: featured='Why Your Car Aircon Isn’t Cold in Singapore (And What Actually Needs Fixing)' (/car-aircon-not-cold-singapore-fix/), hero_fixes=0, bucket=3
[2026-05-12T18:22:53] No drift, featured unchanged — no push.
[2026-05-13T18:24:22] PUSH ok: featured='Why Your Car Aircon Isn’t Cold in Singapore (And What Actually Needs Fixing)' (/car-aircon-not-cold-singapore-fix/), hero_fixes=0, bucket=3
[2026-05-14T18:17:17] PUSH ok: featured='Car Insurance in Singapore: Why One Call to a Broker Beats Calling 10 Companies Yourself' (/car-insurance-broker-singapore/), hero_fixes=4, bucket=4
[2026-05-14T18:17:17]   hero-fix singapore-parf-rebate-schedule-and-cap-revised-from-feb-2026: https://therightworkshop.com/wp-content/uploads/2026/05/AB_regulation_revision-of-preferential-additional-regi.webp -> https://therightworkshop.com/wp-content/uploads/2026/04/logo-white-on-transparent.png
[2026-05-14T18:17:17]   hero-fix singapore-ev-licence-plates-lta-and-scdf-begin-design-consultation: https://therightworkshop.com/wp-content/uploads/2026/05/AB_ev_joint-news-release-by-lta-scdf-launc.webp -> https://therightworkshop.com/wp-content/uploads/2026/04/logo-white-on-transparent.png
[2026-05-14T18:17:17]   hero-fix vep-and-gvp-fees-rise-from-january-2027-for-foreign-vehicles: https://therightworkshop.com/wp-content/uploads/2026/05/AB_regulation_updates-for-foreign-registered-vehicles.webp -> https://therightworkshop.com/wp-content/uploads/2026/04/logo-white-on-transparent.png
[2026-05-14T18:17:17]   hero-fix erp-2-obu-now-mandatory-key-dates-and-penalties-for-singapore-drivers: https://therightworkshop.com/wp-content/uploads/2026/05/AB_erp_amendments-to-road-traffic-act-to-facili.webp -> https://therightworkshop.com/wp-content/uploads/2026/04/logo-white-on-transparent.png
[2026-05-14T18:18:26] featured_media fix: singapore-parf-rebate-schedule-and-cap-revised-from-feb-2026 page=6187 6186 -> 641
[2026-05-14T18:18:27] featured_media fix: singapore-ev-licence-plates-lta-and-scdf-begin-design-consultation page=6193 6192 -> 641
[2026-05-14T18:18:29] featured_media fix: vep-and-gvp-fees-rise-from-january-2027-for-foreign-vehicles page=6199 6198 -> 641
[2026-05-14T18:18:30] featured_media fix: erp-2-obu-now-mandatory-key-dates-and-penalties-for-singapore-drivers page=6279 6278 -> 641
[2026-05-15T18:01:43] No drift, featured unchanged — no push.
[2026-05-16T17:30:18] PUSH ok: featured='Car Insurance in Singapore: Why One Call to a Broker Beats Calling 10 Companies Yourself' (/car-insurance-broker-singapore/), hero_fixes=4, bucket=4
[2026-05-16T17:30:18]   hero-fix erp-2-obu-now-mandatory-key-dates-and-penalties-for-singapore-drivers: https://therightworkshop.com/wp-content/uploads/2026/05/news_b_6279_jfjhmcir.png -> https://therightworkshop.com/wp-content/uploads/2026/04/nb_servicing_oilpour_v2.jpg
[2026-05-16T17:30:18]   hero-fix vep-and-gvp-fees-rise-from-january-2027-for-foreign-vehicles: https://therightworkshop.com/wp-content/uploads/2026/05/news_b_6199_o95pzkv3.png -> https://therightworkshop.com/wp-content/uploads/2026/04/nb_servicing_oilpour_v2.jpg
[2026-05-16T17:30:18]   hero-fix singapore-ev-licence-plates-lta-and-scdf-begin-design-consultation: https://therightworkshop.com/wp-content/uploads/2026/05/news_b_6193_ahyant0o.png -> https://therightworkshop.com/wp-content/uploads/2026/04/nb_servicing_oilpour_v2.jpg
[2026-05-16T17:30:18]   hero-fix singapore-parf-rebate-schedule-and-cap-revised-from-feb-2026: https://therightworkshop.com/wp-content/uploads/2026/05/news_b_6187_288qizix.png -> https://therightworkshop.com/wp-content/uploads/2026/04/nb_servicing_oilpour_v2.jpg
[2026-05-16T17:31:31] featured_media fix: erp-2-obu-now-mandatory-key-dates-and-penalties-for-singapore-drivers page=6279 6829 -> 958
[2026-05-16T17:31:32] featured_media fix: vep-and-gvp-fees-rise-from-january-2027-for-foreign-vehicles page=6199 6835 -> 958
[2026-05-16T17:31:33] featured_media fix: singapore-ev-licence-plates-lta-and-scdf-begin-design-consultation page=6193 6840 -> 958
[2026-05-16T17:31:34] featured_media fix: singapore-parf-rebate-schedule-and-cap-revised-from-feb-2026 page=6187 6845 -> 958
