[2026-04-25 17:47:15 +08] SKIP engine-lights-2026-04-25 — past 90-min grace window
[2026-04-25 17:47:15 +08] run: no due posts
[2026-04-25 18:36:27 +08] run: no due posts
[2026-04-25 19:25:02 +08] run: no due posts
[2026-04-25 19:58:55 +08] Posting timing-belt-2026-04-25 (carousel) — notes: Timing Belt repost (was DXd9Z4-HP4s)
[2026-04-25 19:58:55 +08] ERR timing-belt-2026-04-25: post_instagram_carousel.py failed: ERROR: .env not found at /home/runner/work/trw-ig-scheduler/trw-ig-scheduler/.env

[2026-04-25 21:09:24 +08] Posting engine-lights-2026-04-25 (carousel) — notes: Warning Light Decoded Post 1 — Engine Lights (rescheduled from 2026-04-25 after TCC miss)
[2026-04-25 21:09:24 +08] ERR engine-lights-2026-04-25: post_instagram_carousel.py failed: ERROR: .env not found at /home/runner/work/trw-ig-scheduler/trw-ig-scheduler/.env

[2026-04-25 22:07:41 +08] run: no due posts
[2026-04-25 22:59:09 +08] SKIP timing-belt-2026-04-25 — past 90-min grace window
[2026-04-25 22:59:09 +08] SKIP engine-lights-2026-04-25 — past 90-min grace window
[2026-04-25 22:59:09 +08] run: no due posts
[2026-04-25 23:41:33 +08] run: no due posts
[2026-04-26 00:23:01 +08] SKIP engine-lights-2026-04-25 — past 90-min grace window
[2026-04-26 00:23:01 +08] SKIP doreen-review-2026-04-25 — past 90-min grace window
[2026-04-26 00:23:01 +08] run: no due posts
[2026-04-26 01:06:11 +08] run: no due posts
[2026-04-26 01:56:01 +08] run: no due posts
[2026-04-26 02:40:53 +08] run: no due posts
[2026-04-26 03:32:18 +08] run: no due posts
[2026-04-26 04:20:48 +08] run: no due posts
[2026-04-26 05:01:58 +08] run: no due posts
[2026-04-26 05:52:12 +08] run: no due posts
[2026-04-26 06:28:02 +08] run: no due posts
[2026-04-26 07:04:44 +08] run: no due posts
[2026-04-26 07:53:48 +08] run: no due posts
[2026-04-26 09:56:05 +08] run: no due posts
[2026-04-26 13:25:44 +08] Posting timing-belt-2026-04-25 (carousel) — notes: Timing Belt repost (was DXd9Z4-HP4s)
[2026-04-26 13:25:45 +08] ERR timing-belt-2026-04-25: post_instagram_carousel.py failed: Traceback (most recent call last):
  File "/home/runner/work/trw-ig-scheduler/trw-ig-scheduler/post_instagram_carousel.py", line 197, in <module>
    main()
  File "/home/runner/work/trw-ig-scheduler/trw-ig-scheduler/post_instagram_carousel.py", line 172, in main
    u = upload_to_imgbb(str(p))
        ^^^^^^^^^^^^^^^^^^^^^^^
  File "/home/runner/work/trw-ig-scheduler/trw-ig-scheduler/post_instagram_carousel.py", line 72, in upload_to_imgbb
    r.raise_for_status()
  File "/opt/hostedtoolcache/Python/3.11.15/x64/lib/python3.11/site-packages/requests/models.py", line 1028, in raise_for_status
    raise HTTPError(http_error_msg, response=self)
requests.exceptions.HTTPError: 412 Client Error: Precondition Failed for url: https://catbox.moe/user/api.php

[2026-04-26 15:10:43 +08] run: no due posts
[2026-04-26 16:43:30 +08] run: no due posts
[2026-04-26 17:55:42 +08] run: no due posts
[2026-04-26 18:50:25 +08] run: no due posts
